<?xml version="1.0" encoding="UTF-8"?>
<testng-results ignored="0" total="1" passed="1" failed="0" skipped="0">
  <reporter-output>
  </reporter-output>
  <suite started-at="2022-10-12T10:00:50 IST" name="Default suite" finished-at="2022-10-12T10:01:12 IST" duration-ms="21976">
    <groups>
    </groups>
    <test started-at="2022-10-12T10:00:50 IST" name="Default test" finished-at="2022-10-12T10:01:12 IST" duration-ms="21976">
      <class name="Package1.SignIn">
        <test-method is-config="true" signature="initialization()[pri:0, instance:Package1.SignIn@696da30b]" started-at="2022-10-12T10:00:50 IST" name="initialization" finished-at="2022-10-12T10:00:55 IST" duration-ms="4962" status="PASS">
          <reporter-output>
          </reporter-output>
        </test-method> <!-- initialization -->
        <test-method signature="SignUp()[pri:0, instance:Package1.SignIn@696da30b]" started-at="2022-10-12T10:00:55 IST" name="SignUp" finished-at="2022-10-12T10:01:12 IST" duration-ms="16973" status="PASS">
          <reporter-output>
          </reporter-output>
        </test-method> <!-- SignUp -->
      </class> <!-- Package1.SignIn -->
    </test> <!-- Default test -->
  </suite> <!-- Default suite -->
</testng-results>
