<?xml version="1.0" encoding="UTF-8"?>
<testng-results ignored="0" total="1" passed="1" failed="0" skipped="0">
  <reporter-output>
  </reporter-output>
  <suite started-at="2022-10-19T00:20:34 IST" name="Default suite" finished-at="2022-10-19T00:21:09 IST" duration-ms="35232">
    <groups>
    </groups>
    <test started-at="2022-10-19T00:20:34 IST" name="Default test" finished-at="2022-10-19T00:21:09 IST" duration-ms="35232">
      <class name="User_Panel.TestCase6">
        <test-method is-config="true" signature="initialization()[pri:0, instance:User_Panel.TestCase6@696da30b]" started-at="2022-10-19T00:20:34 IST" name="initialization" finished-at="2022-10-19T00:20:39 IST" duration-ms="4771" status="PASS">
          <reporter-output>
          </reporter-output>
        </test-method> <!-- initialization -->
        <test-method signature="SignUp()[pri:0, instance:User_Panel.TestCase6@696da30b]" started-at="2022-10-19T00:20:39 IST" name="SignUp" finished-at="2022-10-19T00:21:09 IST" duration-ms="30424" status="PASS">
          <reporter-output>
          </reporter-output>
        </test-method> <!-- SignUp -->
      </class> <!-- User_Panel.TestCase6 -->
    </test> <!-- Default test -->
  </suite> <!-- Default suite -->
</testng-results>
